2020-10-09T02:34:28+00:00 CRITICAL Uncaught Exception: DateTimeZone::__construct(): Unknown or bad timezone () in D:\xampp\htdocs\iklearn\wp-content\themes\ik-learn\header.php:80
Stack trace:
#0 D:\xampp\htdocs\iklearn\wp-content\themes\ik-learn\header.php(80): DateTimeZone->__construct('')
#1 D:\xampp\htdocs\iklearn\wp-includes\template.php(730): require_once('D:\\xampp\\htdocs...')
#2 D:\xampp\htdocs\iklearn\wp-includes\template.php(676): load_template('D:\\xampp\\htdocs...', true, Array)
#3 D:\xampp\htdocs\iklearn\wp-includes\general-template.php(48): locate_template(Array, true, true, Array)
#4 D:\xampp\htdocs\iklearn\wp-content\plugins\iii-dictionary\library\template.php(55): get_header()
#5 D:\xampp\htdocs\iklearn\wp-content\plugins\iii-dictionary\layouts\login.php(188): get_dict_header('Login')
#6 D:\xampp\htdocs\iklearn\wp-includes\template-loader.php(106): include('D:\\xampp\\htdocs...')
#7 D:\xampp\htdocs\iklearn\wp-blog-header.php(19): require_once('D:\\xampp\\htdocs...')
#8 D:\xampp\htdocs\iklearn\index.php(17): require('D:\\xampp\ in D:\xampp\htdocs\iklearn\wp-content\themes\ik-learn\header.php on line 80

2020-10-09T02:46:40+00:00 CRITICAL Uncaught Exception: DateTimeZone::__construct(): Unknown or bad timezone () in D:\xampp\htdocs\iklearn\wp-content\themes\ik-learn\header.php:80
Stack trace:
#0 D:\xampp\htdocs\iklearn\wp-content\themes\ik-learn\header.php(80): DateTimeZone->__construct('')
#1 D:\xampp\htdocs\iklearn\wp-includes\template.php(730): require_once('D:\\xampp\\htdocs...')
#2 D:\xampp\htdocs\iklearn\wp-includes\template.php(676): load_template('D:\\xampp\\htdocs...', true, Array)
#3 D:\xampp\htdocs\iklearn\wp-includes\general-template.php(48): locate_template(Array, true, true, Array)
#4 D:\xampp\htdocs\iklearn\wp-content\plugins\iii-dictionary\library\template.php(55): get_header()
#5 D:\xampp\htdocs\iklearn\wp-content\plugins\iii-dictionary\layouts\login.php(188): get_dict_header('Login')
#6 D:\xampp\htdocs\iklearn\wp-includes\template-loader.php(106): include('D:\\xampp\\htdocs...')
#7 D:\xampp\htdocs\iklearn\wp-blog-header.php(19): require_once('D:\\xampp\\htdocs...')
#8 D:\xampp\htdocs\iklearn\index.php(17): require('D:\\xampp\ in D:\xampp\htdocs\iklearn\wp-content\themes\ik-learn\header.php on line 80

2020-10-09T02:46:44+00:00 CRITICAL Uncaught Exception: DateTimeZone::__construct(): Unknown or bad timezone () in D:\xampp\htdocs\iklearn\wp-content\themes\ik-learn\header.php:80
Stack trace:
#0 D:\xampp\htdocs\iklearn\wp-content\themes\ik-learn\header.php(80): DateTimeZone->__construct('')
#1 D:\xampp\htdocs\iklearn\wp-includes\template.php(730): require_once('D:\\xampp\\htdocs...')
#2 D:\xampp\htdocs\iklearn\wp-includes\template.php(676): load_template('D:\\xampp\\htdocs...', true, Array)
#3 D:\xampp\htdocs\iklearn\wp-includes\general-template.php(48): locate_template(Array, true, true, Array)
#4 D:\xampp\htdocs\iklearn\wp-content\plugins\iii-dictionary\library\template.php(55): get_header()
#5 D:\xampp\htdocs\iklearn\wp-content\plugins\iii-dictionary\layouts\login.php(188): get_dict_header('Login')
#6 D:\xampp\htdocs\iklearn\wp-includes\template-loader.php(106): include('D:\\xampp\\htdocs...')
#7 D:\xampp\htdocs\iklearn\wp-blog-header.php(19): require_once('D:\\xampp\\htdocs...')
#8 D:\xampp\htdocs\iklearn\index.php(17): require('D:\\xampp\ in D:\xampp\htdocs\iklearn\wp-content\themes\ik-learn\header.php on line 80

