2020-09-30T01:42:52+00:00 CRITICAL Uncaught Exception: DateTimeZone::__construct(): Unknown or bad timezone () in D:\xampp\htdocs\iklearn\wp-content\themes\ik-learn\header.php:80
Stack trace:
#0 D:\xampp\htdocs\iklearn\wp-content\themes\ik-learn\header.php(80): DateTimeZone->__construct('')
#1 D:\xampp\htdocs\iklearn\wp-includes\template.php(730): require_once('D:\\xampp\\htdocs...')
#2 D:\xampp\htdocs\iklearn\wp-includes\template.php(676): load_template('D:\\xampp\\htdocs...', true, Array)
#3 D:\xampp\htdocs\iklearn\wp-includes\general-template.php(48): locate_template(Array, true, true, Array)
#4 D:\xampp\htdocs\iklearn\wp-content\plugins\iii-dictionary\library\template.php(55): get_header()
#5 D:\xampp\htdocs\iklearn\wp-content\plugins\iii-dictionary\layouts\my_account.php(55): get_dict_header('My Account')
#6 D:\xampp\htdocs\iklearn\wp-includes\template-loader.php(106): include('D:\\xampp\\htdocs...')
#7 D:\xampp\htdocs\iklearn\wp-blog-header.php(19): require_once('D:\\xampp\\htdocs...')
#8 D:\xampp\htdocs\iklearn\index.php(17): require('D in D:\xampp\htdocs\iklearn\wp-content\themes\ik-learn\header.php on line 80

2020-09-30T03:59:23+00:00 CRITICAL syntax error, unexpected '<' in D:\xampp\htdocs\iklearn\wp-content\plugins\iii-dictionary\layouts\ajax.php on line 5816

2020-09-30T03:59:23+00:00 CRITICAL syntax error, unexpected '<' in D:\xampp\htdocs\iklearn\wp-content\plugins\iii-dictionary\layouts\ajax.php on line 5816

2020-09-30T03:59:33+00:00 CRITICAL syntax error, unexpected '<' in D:\xampp\htdocs\iklearn\wp-content\plugins\iii-dictionary\layouts\ajax.php on line 5816

2020-09-30T03:59:44+00:00 CRITICAL syntax error, unexpected '<' in D:\xampp\htdocs\iklearn\wp-content\plugins\iii-dictionary\layouts\ajax.php on line 5816

2020-09-30T03:59:54+00:00 CRITICAL syntax error, unexpected '<' in D:\xampp\htdocs\iklearn\wp-content\plugins\iii-dictionary\layouts\ajax.php on line 5816

2020-09-30T04:00:04+00:00 CRITICAL syntax error, unexpected '<' in D:\xampp\htdocs\iklearn\wp-content\plugins\iii-dictionary\layouts\ajax.php on line 5816

2020-09-30T04:00:15+00:00 CRITICAL syntax error, unexpected '<' in D:\xampp\htdocs\iklearn\wp-content\plugins\iii-dictionary\layouts\ajax.php on line 5816

2020-09-30T04:00:24+00:00 CRITICAL syntax error, unexpected '<' in D:\xampp\htdocs\iklearn\wp-content\plugins\iii-dictionary\layouts\ajax.php on line 5816

2020-09-30T04:00:33+00:00 CRITICAL syntax error, unexpected '<' in D:\xampp\htdocs\iklearn\wp-content\plugins\iii-dictionary\layouts\ajax.php on line 5816

2020-09-30T04:01:27+00:00 CRITICAL syntax error, unexpected '<' in D:\xampp\htdocs\iklearn\wp-content\plugins\iii-dictionary\layouts\ajax.php on line 5816

2020-09-30T04:03:27+00:00 CRITICAL syntax error, unexpected '<' in D:\xampp\htdocs\iklearn\wp-content\plugins\iii-dictionary\layouts\ajax.php on line 5816

2020-09-30T10:13:17+00:00 CRITICAL Uncaught Exception: DateTimeZone::__construct(): Unknown or bad timezone () in D:\xampp\htdocs\iklearn\wp-content\themes\ik-learn\header.php:80
Stack trace:
#0 D:\xampp\htdocs\iklearn\wp-content\themes\ik-learn\header.php(80): DateTimeZone->__construct('')
#1 D:\xampp\htdocs\iklearn\wp-includes\template.php(730): require_once('D:\\xampp\\htdocs...')
#2 D:\xampp\htdocs\iklearn\wp-includes\template.php(676): load_template('D:\\xampp\\htdocs...', true, Array)
#3 D:\xampp\htdocs\iklearn\wp-includes\general-template.php(48): locate_template(Array, true, true, Array)
#4 D:\xampp\htdocs\iklearn\wp-content\plugins\iii-dictionary\layouts\ensat.php(8): get_header()
#5 D:\xampp\htdocs\iklearn\wp-includes\template-loader.php(106): include('D:\\xampp\\htdocs...')
#6 D:\xampp\htdocs\iklearn\wp-blog-header.php(19): require_once('D:\\xampp\\htdocs...')
#7 D:\xampp\htdocs\iklearn\index.php(17): require('D:\\xampp\\htdocs...')
#8 {main}
  thrown in D:\xampp\htdocs\iklearn\wp-content\themes\ik-learn\header.php on line 80

